<?xml version="1.0" encoding="UTF-8"?>
<!-- Generated by org.testng.reporters.JUnitReportReporter -->
<testsuite hostname="Viraj" failures="0" tests="1" name="com.inetbanking.testcases.TC_AddCustomerTest_003" time="54.321" errors="0" timestamp="21 Sep 2022 05:54:16 GMT" skipped="0">
  <testcase classname="com.inetbanking.testcases.TC_AddCustomerTest_003" name="addNewCustomer" time="54.321"/>
</testsuite> <!-- com.inetbanking.testcases.TC_AddCustomerTest_003 -->
