<?xml version="1.0" encoding="UTF-8"?>
<!-- Generated by org.testng.reporters.JUnitReportReporter -->
<testsuite hostname="Viraj" failures="0" tests="1" name="com.inetbanking.testcases.TC_LoginTest_001" time="2.828" errors="0" timestamp="20 Sep 2022 04:54:04 GMT" skipped="0">
  <testcase classname="com.inetbanking.testcases.TC_LoginTest_001" name="loginTest" time="2.828"/>
</testsuite> <!-- com.inetbanking.testcases.TC_LoginTest_001 -->
